<?xml version="1.0" encoding="UTF-8"?>
<testsuite name="IntQueueTest" tests="6" skipped="0" failures="0" errors="0" timestamp="2020-10-28T20:40:46" hostname="pop-os-charlye" time="0.005">
  <properties/>
  <testcase name="testEnqueueOneInt" classname="IntQueueTest" time="0.002"/>
  <testcase name="testClear" classname="IntQueueTest" time="0.0"/>
  <testcase name="testDequeueOnce" classname="IntQueueTest" time="0.0"/>
  <testcase name="testEnqueueTwoInts" classname="IntQueueTest" time="0.0"/>
  <testcase name="testInitialQueue" classname="IntQueueTest" time="0.0"/>
  <testcase name="testResize" classname="IntQueueTest" time="0.0"/>
  <system-out><![CDATA[]]></system-out>
  <system-err><![CDATA[]]></system-err>
</testsuite>
